<?xml version="1.0" encoding="UTF-8"?>
<!-- Generated by org.testng.reporters.JUnitReportReporter -->
<testsuite hostname="VINOTHBALA" failures="0" tests="1" name="com.aiite.pageexecution.CitiBankOffersExecution" time="38.808" errors="0" timestamp="2023-02-24T20:24:46 IST" skipped="0">
  <testcase classname="com.aiite.pageexecution.CitiBankOffersExecution" name="closePopup" time="38.808"/>
  <system-out/>
</testsuite> <!-- com.aiite.pageexecution.CitiBankOffersExecution -->
